<?xml version="1.0" encoding="UTF-8"?>
<!-- Generated by org.testng.reporters.JUnitReportReporter -->
<testsuite hostname="LAPTOP-61KPBHOV" name="com.testassignment02.tests.TestScripts" tests="1" failures="0" timestamp="19 Jan 2020 14:48:13 GMT" time="86.061" errors="0">
  <testcase name="executeTestScenarios" time="86.061" classname="com.testassignment02.tests.TestScripts"/>
</testsuite> <!-- com.testassignment02.tests.TestScripts -->
