<?xml version="1.0" encoding="UTF-8"?>
<!-- Generated by org.testng.reporters.JUnitReportReporter -->
<testsuite hostname="LAPTOP-61KPBHOV" name="com.testassignment02.driverscript.DriverScript" tests="1" failures="0" timestamp="19 Jan 2020 16:53:20 GMT" time="121.786" errors="0">
  <testcase name="executeTestScenarios" time="121.786" classname="com.testassignment02.driverscript.DriverScript"/>
</testsuite> <!-- com.testassignment02.driverscript.DriverScript -->
